Determining if the pthread_create exist failed with the following output:
Change Dir: /home/pawan/Desktop/UD/ROS/ws/simulation_ws/build/CMakeFiles/CMakeTmp

Run Build Command:"/usr/bin/make" "cmTC_2a32b/fast"
/usr/bin/make -f CMakeFiles/cmTC_2a32b.dir/build.make CMakeFiles/cmTC_2a32b.dir/build
make[1]: Entering directory '/home/pawan/Desktop/UD/ROS/ws/simulation_ws/build/CMakeFiles/CMakeTmp'
Building C object CMakeFiles/cmTC_2a32b.dir/CheckSymbolExists.c.o
/usr/bin/cc     -o CMakeFiles/cmTC_2a32b.dir/CheckSymbolExists.c.o   -c /home/pawan/Desktop/UD/ROS/ws/simulation_ws/build/CMakeFiles/CMakeTmp/CheckSymbolExists.c
Linking C executable cmTC_2a32b
/usr/bin/cmake -E cmake_link_script CMakeFiles/cmTC_2a32b.dir/link.txt --verbose=1
/usr/bin/cc       CMakeFiles/cmTC_2a32b.dir/CheckSymbolExists.c.o  -o cmTC_2a32b -rdynamic 
CMakeFiles/cmTC_2a32b.dir/CheckSymbolExists.c.o: In function `main':
CheckSymbolExists.c:(.text+0x16): undefined reference to `pthread_create'
collect2: error: ld returned 1 exit status
CMakeFiles/cmTC_2a32b.dir/build.make:97: recipe for target 'cmTC_2a32b' failed
make[1]: *** [cmTC_2a32b] Error 1
make[1]: Leaving directory '/home/pawan/Desktop/UD/ROS/ws/simulation_ws/build/CMakeFiles/CMakeTmp'
Makefile:126: recipe for target 'cmTC_2a32b/fast' failed
make: *** [cmTC_2a32b/fast] Error 2

File /home/pawan/Desktop/UD/ROS/ws/simulation_ws/build/CMakeFiles/CMakeTmp/CheckSymbolExists.c:
/* */
#include <pthread.h>

int main(int argc, char** argv)
{
  (void)argv;
#ifndef pthread_create
  return ((int*)(&pthread_create))[argc];
#else
  (void)argc;
  return 0;
#endif
}

Determining if the function pthread_create exists in the pthreads failed with the following output:
Change Dir: /home/pawan/Desktop/UD/ROS/ws/simulation_ws/build/CMakeFiles/CMakeTmp

Run Build Command:"/usr/bin/make" "cmTC_9fa65/fast"
/usr/bin/make -f CMakeFiles/cmTC_9fa65.dir/build.make CMakeFiles/cmTC_9fa65.dir/build
make[1]: Entering directory '/home/pawan/Desktop/UD/ROS/ws/simulation_ws/build/CMakeFiles/CMakeTmp'
Building C object CMakeFiles/cmTC_9fa65.dir/CheckFunctionExists.c.o
/usr/bin/cc    -DCHECK_FUNCTION_EXISTS=pthread_create   -o CMakeFiles/cmTC_9fa65.dir/CheckFunctionExists.c.o   -c /usr/share/cmake-3.5/Modules/CheckFunctionExists.c
Linking C executable cmTC_9fa65
/usr/bin/cmake -E cmake_link_script CMakeFiles/cmTC_9fa65.dir/link.txt --verbose=1
/usr/bin/cc   -DCHECK_FUNCTION_EXISTS=pthread_create    CMakeFiles/cmTC_9fa65.dir/CheckFunctionExists.c.o  -o cmTC_9fa65 -rdynamic -lpthreads 
/usr/bin/ld: cannot find -lpthreads
collect2: error: ld returned 1 exit status
CMakeFiles/cmTC_9fa65.dir/build.make:97: recipe for target 'cmTC_9fa65' failed
make[1]: *** [cmTC_9fa65] Error 1
make[1]: Leaving directory '/home/pawan/Desktop/UD/ROS/ws/simulation_ws/build/CMakeFiles/CMakeTmp'
Makefile:126: recipe for target 'cmTC_9fa65/fast' failed
make: *** [cmTC_9fa65/fast] Error 2


